The system is: Darwin - 17.4.0 - x86_64
Compiling the C compiler identification source file "CMakeCCompilerId.c" succeeded.
Compiler: /Applications/Xcode.app/Contents/Developer/Toolchains/XcodeDefault.xctoolchain/usr/bin/cc 
Build flags: 
Id flags:  

The output was:
0


Compilation of the C compiler identification source "CMakeCCompilerId.c" produced "a.out"

The C compiler identification is AppleClang, found in "/Users/antonylaget/Documents/GitHub/DuckCoinCoin/src/level-1/1-dcc-c/CMakeFiles/3.9.6/CompilerIdC/a.out"

Determining if the C compiler works passed with the following output:
Change Dir: /Users/antonylaget/Documents/GitHub/DuckCoinCoin/src/level-1/1-dcc-c/CMakeFiles/CMakeTmp

Run Build Command:"/usr/bin/make" "cmTC_a20ff/fast"
/Applications/Xcode.app/Contents/Developer/usr/bin/make -f CMakeFiles/cmTC_a20ff.dir/build.make CMakeFiles/cmTC_a20ff.dir/build
Building C object CMakeFiles/cmTC_a20ff.dir/testCCompiler.c.o
/Applications/Xcode.app/Contents/Developer/Toolchains/XcodeDefault.xctoolchain/usr/bin/cc    -o CMakeFiles/cmTC_a20ff.dir/testCCompiler.c.o   -c /Users/antonylaget/Documents/GitHub/DuckCoinCoin/src/level-1/1-dcc-c/CMakeFiles/CMakeTmp/testCCompiler.c
Linking C executable cmTC_a20ff
"/Users/antonylaget/Library/Application Support/JetBrains/Toolbox/apps/CLion/ch-0/173.4301.33/CLion.app/Contents/bin/cmake/bin/cmake" -E cmake_link_script CMakeFiles/cmTC_a20ff.dir/link.txt --verbose=1
/Applications/Xcode.app/Contents/Developer/Toolchains/XcodeDefault.xctoolchain/usr/bin/cc   -Wl,-search_paths_first -Wl,-headerpad_max_install_names   CMakeFiles/cmTC_a20ff.dir/testCCompiler.c.o  -o cmTC_a20ff 


Detecting C compiler ABI info compiled with the following output:
Change Dir: /Users/antonylaget/Documents/GitHub/DuckCoinCoin/src/level-1/1-dcc-c/CMakeFiles/CMakeTmp

Run Build Command:"/usr/bin/make" "cmTC_7ef98/fast"
/Applications/Xcode.app/Contents/Developer/usr/bin/make -f CMakeFiles/cmTC_7ef98.dir/build.make CMakeFiles/cmTC_7ef98.dir/build
Building C object CMakeFiles/cmTC_7ef98.dir/CMakeCCompilerABI.c.o
/Applications/Xcode.app/Contents/Developer/Toolchains/XcodeDefault.xctoolchain/usr/bin/cc    -o CMakeFiles/cmTC_7ef98.dir/CMakeCCompilerABI.c.o   -c "/Users/antonylaget/Library/Application Support/JetBrains/Toolbox/apps/CLion/ch-0/173.4301.33/CLion.app/Contents/bin/cmake/share/cmake-3.9/Modules/CMakeCCompilerABI.c"
Linking C executable cmTC_7ef98
"/Users/antonylaget/Library/Application Support/JetBrains/Toolbox/apps/CLion/ch-0/173.4301.33/CLion.app/Contents/bin/cmake/bin/cmake" -E cmake_link_script CMakeFiles/cmTC_7ef98.dir/link.txt --verbose=1
/Applications/Xcode.app/Contents/Developer/Toolchains/XcodeDefault.xctoolchain/usr/bin/cc   -Wl,-search_paths_first -Wl,-headerpad_max_install_names  -v -Wl,-v CMakeFiles/cmTC_7ef98.dir/CMakeCCompilerABI.c.o  -o cmTC_7ef98 
Apple LLVM version 9.1.0 (clang-902.0.39.1)
Target: x86_64-apple-darwin17.4.0
Thread model: posix
InstalledDir: /Applications/Xcode.app/Contents/Developer/Toolchains/XcodeDefault.xctoolchain/usr/bin
 "/Applications/Xcode.app/Contents/Developer/Toolchains/XcodeDefault.xctoolchain/usr/bin/ld" -demangle -lto_library /Applications/Xcode.app/Contents/Developer/Toolchains/XcodeDefault.xctoolchain/usr/lib/libLTO.dylib -dynamic -arch x86_64 -macosx_version_min 10.13.0 -o cmTC_7ef98 -search_paths_first -headerpad_max_install_names -v CMakeFiles/cmTC_7ef98.dir/CMakeCCompilerABI.c.o -lSystem /Applications/Xcode.app/Contents/Developer/Toolchains/XcodeDefault.xctoolchain/usr/lib/clang/9.1.0/lib/darwin/libclang_rt.osx.a
@(#)PROGRAM:ld  PROJECT:ld64-351.8
configured to support archs: armv6 armv7 armv7s arm64 i386 x86_64 x86_64h armv6m armv7k armv7m armv7em (tvOS)
Library search paths:
	/usr/lib
	/usr/local/lib
Framework search paths:
	/Library/Frameworks/
	/System/Library/Frameworks/


Parsed C implicit link information from above output:
  link line regex: [^( *|.*[/\])(ld|CMAKE_LINK_STARTFILE-NOTFOUND|([^/\]+-)?ld|collect2)[^/\]*( |$)]
  ignore line: [Change Dir: /Users/antonylaget/Documents/GitHub/DuckCoinCoin/src/level-1/1-dcc-c/CMakeFiles/CMakeTmp]
  ignore line: []
  ignore line: [Run Build Command:"/usr/bin/make" "cmTC_7ef98/fast"]
  ignore line: [/Applications/Xcode.app/Contents/Developer/usr/bin/make -f CMakeFiles/cmTC_7ef98.dir/build.make CMakeFiles/cmTC_7ef98.dir/build]
  ignore line: [Building C object CMakeFiles/cmTC_7ef98.dir/CMakeCCompilerABI.c.o]
  ignore line: [/Applications/Xcode.app/Contents/Developer/Toolchains/XcodeDefault.xctoolchain/usr/bin/cc    -o CMakeFiles/cmTC_7ef98.dir/CMakeCCompilerABI.c.o   -c "/Users/antonylaget/Library/Application Support/JetBrains/Toolbox/apps/CLion/ch-0/173.4301.33/CLion.app/Contents/bin/cmake/share/cmake-3.9/Modules/CMakeCCompilerABI.c"]
  ignore line: [Linking C executable cmTC_7ef98]
  ignore line: ["/Users/antonylaget/Library/Application Support/JetBrains/Toolbox/apps/CLion/ch-0/173.4301.33/CLion.app/Contents/bin/cmake/bin/cmake" -E cmake_link_script CMakeFiles/cmTC_7ef98.dir/link.txt --verbose=1]
  ignore line: [/Applications/Xcode.app/Contents/Developer/Toolchains/XcodeDefault.xctoolchain/usr/bin/cc   -Wl,-search_paths_first -Wl,-headerpad_max_install_names  -v -Wl,-v CMakeFiles/cmTC_7ef98.dir/CMakeCCompilerABI.c.o  -o cmTC_7ef98 ]
  ignore line: [Apple LLVM version 9.1.0 (clang-902.0.39.1)]
  ignore line: [Target: x86_64-apple-darwin17.4.0]
  ignore line: [Thread model: posix]
  ignore line: [InstalledDir: /Applications/Xcode.app/Contents/Developer/Toolchains/XcodeDefault.xctoolchain/usr/bin]
  link line: [ "/Applications/Xcode.app/Contents/Developer/Toolchains/XcodeDefault.xctoolchain/usr/bin/ld" -demangle -lto_library /Applications/Xcode.app/Contents/Developer/Toolchains/XcodeDefault.xctoolchain/usr/lib/libLTO.dylib -dynamic -arch x86_64 -macosx_version_min 10.13.0 -o cmTC_7ef98 -search_paths_first -headerpad_max_install_names -v CMakeFiles/cmTC_7ef98.dir/CMakeCCompilerABI.c.o -lSystem /Applications/Xcode.app/Contents/Developer/Toolchains/XcodeDefault.xctoolchain/usr/lib/clang/9.1.0/lib/darwin/libclang_rt.osx.a]
    arg [/Applications/Xcode.app/Contents/Developer/Toolchains/XcodeDefault.xctoolchain/usr/bin/ld] ==> ignore
    arg [-demangle] ==> ignore
    arg [-lto_library] ==> ignore, skip following value
    arg [/Applications/Xcode.app/Contents/Developer/Toolchains/XcodeDefault.xctoolchain/usr/lib/libLTO.dylib] ==> skip value of -lto_library
    arg [-dynamic] ==> ignore
    arg [-arch] ==> ignore
    arg [x86_64] ==> ignore
    arg [-macosx_version_min] ==> ignore
    arg [10.13.0] ==> ignore
    arg [-o] ==> ignore
    arg [cmTC_7ef98] ==> ignore
    arg [-search_paths_first] ==> ignore
    arg [-headerpad_max_install_names] ==> ignore
    arg [-v] ==> ignore
    arg [CMakeFiles/cmTC_7ef98.dir/CMakeCCompilerABI.c.o] ==> ignore
    arg [-lSystem] ==> lib [System]
    arg [/Applications/Xcode.app/Contents/Developer/Toolchains/XcodeDefault.xctoolchain/usr/lib/clang/9.1.0/lib/darwin/libclang_rt.osx.a] ==> lib [/Applications/Xcode.app/Contents/Developer/Toolchains/XcodeDefault.xctoolchain/usr/lib/clang/9.1.0/lib/darwin/libclang_rt.osx.a]
  Library search paths: [;/usr/lib;/usr/local/lib]
  Framework search paths: [;/Library/Frameworks/;/System/Library/Frameworks/]
  remove lib [System]
  remove lib [/Applications/Xcode.app/Contents/Developer/Toolchains/XcodeDefault.xctoolchain/usr/lib/clang/9.1.0/lib/darwin/libclang_rt.osx.a]
  collapse library dir [/usr/lib] ==> [/usr/lib]
  collapse library dir [/usr/local/lib] ==> [/usr/local/lib]
  collapse framework dir [/Library/Frameworks/] ==> [/Library/Frameworks]
  collapse framework dir [/System/Library/Frameworks/] ==> [/System/Library/Frameworks]
  implicit libs: []
  implicit dirs: [/usr/lib;/usr/local/lib]
  implicit fwks: [/Library/Frameworks;/System/Library/Frameworks]




Detecting C [-std=c11] compiler features compiled with the following output:
Change Dir: /Users/antonylaget/Documents/GitHub/DuckCoinCoin/src/level-1/1-dcc-c/CMakeFiles/CMakeTmp

Run Build Command:"/usr/bin/make" "cmTC_a5a86/fast"
/Applications/Xcode.app/Contents/Developer/usr/bin/make -f CMakeFiles/cmTC_a5a86.dir/build.make CMakeFiles/cmTC_a5a86.dir/build
Building C object CMakeFiles/cmTC_a5a86.dir/feature_tests.c.o
/Applications/Xcode.app/Contents/Developer/Toolchains/XcodeDefault.xctoolchain/usr/bin/cc   -std=c11 -o CMakeFiles/cmTC_a5a86.dir/feature_tests.c.o   -c /Users/antonylaget/Documents/GitHub/DuckCoinCoin/src/level-1/1-dcc-c/CMakeFiles/feature_tests.c
Linking C executable cmTC_a5a86
"/Users/antonylaget/Library/Application Support/JetBrains/Toolbox/apps/CLion/ch-0/173.4301.33/CLion.app/Contents/bin/cmake/bin/cmake" -E cmake_link_script CMakeFiles/cmTC_a5a86.dir/link.txt --verbose=1
/Applications/Xcode.app/Contents/Developer/Toolchains/XcodeDefault.xctoolchain/usr/bin/cc   -Wl,-search_paths_first -Wl,-headerpad_max_install_names   CMakeFiles/cmTC_a5a86.dir/feature_tests.c.o  -o cmTC_a5a86 


    Feature record: C_FEATURE:1c_function_prototypes
    Feature record: C_FEATURE:1c_restrict
    Feature record: C_FEATURE:1c_static_assert
    Feature record: C_FEATURE:1c_variadic_macros


Detecting C [-std=c99] compiler features compiled with the following output:
Change Dir: /Users/antonylaget/Documents/GitHub/DuckCoinCoin/src/level-1/1-dcc-c/CMakeFiles/CMakeTmp

Run Build Command:"/usr/bin/make" "cmTC_a1ee3/fast"
/Applications/Xcode.app/Contents/Developer/usr/bin/make -f CMakeFiles/cmTC_a1ee3.dir/build.make CMakeFiles/cmTC_a1ee3.dir/build
Building C object CMakeFiles/cmTC_a1ee3.dir/feature_tests.c.o
/Applications/Xcode.app/Contents/Developer/Toolchains/XcodeDefault.xctoolchain/usr/bin/cc   -std=c99 -o CMakeFiles/cmTC_a1ee3.dir/feature_tests.c.o   -c /Users/antonylaget/Documents/GitHub/DuckCoinCoin/src/level-1/1-dcc-c/CMakeFiles/feature_tests.c
Linking C executable cmTC_a1ee3
"/Users/antonylaget/Library/Application Support/JetBrains/Toolbox/apps/CLion/ch-0/173.4301.33/CLion.app/Contents/bin/cmake/bin/cmake" -E cmake_link_script CMakeFiles/cmTC_a1ee3.dir/link.txt --verbose=1
/Applications/Xcode.app/Contents/Developer/Toolchains/XcodeDefault.xctoolchain/usr/bin/cc   -Wl,-search_paths_first -Wl,-headerpad_max_install_names   CMakeFiles/cmTC_a1ee3.dir/feature_tests.c.o  -o cmTC_a1ee3 


    Feature record: C_FEATURE:1c_function_prototypes
    Feature record: C_FEATURE:1c_restrict
    Feature record: C_FEATURE:0c_static_assert
    Feature record: C_FEATURE:1c_variadic_macros


Detecting C [-std=c90] compiler features compiled with the following output:
Change Dir: /Users/antonylaget/Documents/GitHub/DuckCoinCoin/src/level-1/1-dcc-c/CMakeFiles/CMakeTmp

Run Build Command:"/usr/bin/make" "cmTC_c652d/fast"
/Applications/Xcode.app/Contents/Developer/usr/bin/make -f CMakeFiles/cmTC_c652d.dir/build.make CMakeFiles/cmTC_c652d.dir/build
Building C object CMakeFiles/cmTC_c652d.dir/feature_tests.c.o
/Applications/Xcode.app/Contents/Developer/Toolchains/XcodeDefault.xctoolchain/usr/bin/cc   -std=c90 -o CMakeFiles/cmTC_c652d.dir/feature_tests.c.o   -c /Users/antonylaget/Documents/GitHub/DuckCoinCoin/src/level-1/1-dcc-c/CMakeFiles/feature_tests.c
Linking C executable cmTC_c652d
"/Users/antonylaget/Library/Application Support/JetBrains/Toolbox/apps/CLion/ch-0/173.4301.33/CLion.app/Contents/bin/cmake/bin/cmake" -E cmake_link_script CMakeFiles/cmTC_c652d.dir/link.txt --verbose=1
/Applications/Xcode.app/Contents/Developer/Toolchains/XcodeDefault.xctoolchain/usr/bin/cc   -Wl,-search_paths_first -Wl,-headerpad_max_install_names   CMakeFiles/cmTC_c652d.dir/feature_tests.c.o  -o cmTC_c652d 


    Feature record: C_FEATURE:1c_function_prototypes
    Feature record: C_FEATURE:0c_restrict
    Feature record: C_FEATURE:0c_static_assert
    Feature record: C_FEATURE:0c_variadic_macros
The system is: Darwin - 17.4.0 - x86_64
Compiling the C compiler identification source file "CMakeCCompilerId.c" succeeded.
Compiler: /Applications/Xcode.app/Contents/Developer/Toolchains/XcodeDefault.xctoolchain/usr/bin/cc 
Build flags: 
Id flags:  

The output was:
0


Compilation of the C compiler identification source "CMakeCCompilerId.c" produced "a.out"

The C compiler identification is AppleClang, found in "/Users/antonylaget/Documents/GitHub/DuckCoinCoin/src/level-1/1-dcc-c/CMakeFiles/3.10.3/CompilerIdC/a.out"

Determining if the C compiler works passed with the following output:
Change Dir: /Users/antonylaget/Documents/GitHub/DuckCoinCoin/src/level-1/1-dcc-c/CMakeFiles/CMakeTmp

Run Build Command:"/usr/bin/make" "cmTC_3dfd2/fast"
/Applications/Xcode.app/Contents/Developer/usr/bin/make -f CMakeFiles/cmTC_3dfd2.dir/build.make CMakeFiles/cmTC_3dfd2.dir/build
Building C object CMakeFiles/cmTC_3dfd2.dir/testCCompiler.c.o
/Applications/Xcode.app/Contents/Developer/Toolchains/XcodeDefault.xctoolchain/usr/bin/cc    -o CMakeFiles/cmTC_3dfd2.dir/testCCompiler.c.o   -c /Users/antonylaget/Documents/GitHub/DuckCoinCoin/src/level-1/1-dcc-c/CMakeFiles/CMakeTmp/testCCompiler.c
Linking C executable cmTC_3dfd2
/usr/local/Cellar/cmake/3.10.3/bin/cmake -E cmake_link_script CMakeFiles/cmTC_3dfd2.dir/link.txt --verbose=1
/Applications/Xcode.app/Contents/Developer/Toolchains/XcodeDefault.xctoolchain/usr/bin/cc   -Wl,-search_paths_first -Wl,-headerpad_max_install_names   CMakeFiles/cmTC_3dfd2.dir/testCCompiler.c.o  -o cmTC_3dfd2 


Detecting C compiler ABI info compiled with the following output:
Change Dir: /Users/antonylaget/Documents/GitHub/DuckCoinCoin/src/level-1/1-dcc-c/CMakeFiles/CMakeTmp

Run Build Command:"/usr/bin/make" "cmTC_231ae/fast"
/Applications/Xcode.app/Contents/Developer/usr/bin/make -f CMakeFiles/cmTC_231ae.dir/build.make CMakeFiles/cmTC_231ae.dir/build
Building C object CMakeFiles/cmTC_231ae.dir/CMakeCCompilerABI.c.o
/Applications/Xcode.app/Contents/Developer/Toolchains/XcodeDefault.xctoolchain/usr/bin/cc    -o CMakeFiles/cmTC_231ae.dir/CMakeCCompilerABI.c.o   -c /usr/local/Cellar/cmake/3.10.3/share/cmake/Modules/CMakeCCompilerABI.c
Linking C executable cmTC_231ae
/usr/local/Cellar/cmake/3.10.3/bin/cmake -E cmake_link_script CMakeFiles/cmTC_231ae.dir/link.txt --verbose=1
/Applications/Xcode.app/Contents/Developer/Toolchains/XcodeDefault.xctoolchain/usr/bin/cc   -Wl,-search_paths_first -Wl,-headerpad_max_install_names  -v -Wl,-v CMakeFiles/cmTC_231ae.dir/CMakeCCompilerABI.c.o  -o cmTC_231ae 
Apple LLVM version 9.1.0 (clang-902.0.39.1)
Target: x86_64-apple-darwin17.4.0
Thread model: posix
InstalledDir: /Applications/Xcode.app/Contents/Developer/Toolchains/XcodeDefault.xctoolchain/usr/bin
 "/Applications/Xcode.app/Contents/Developer/Toolchains/XcodeDefault.xctoolchain/usr/bin/ld" -demangle -lto_library /Applications/Xcode.app/Contents/Developer/Toolchains/XcodeDefault.xctoolchain/usr/lib/libLTO.dylib -dynamic -arch x86_64 -macosx_version_min 10.13.0 -o cmTC_231ae -search_paths_first -headerpad_max_install_names -v CMakeFiles/cmTC_231ae.dir/CMakeCCompilerABI.c.o -lSystem /Applications/Xcode.app/Contents/Developer/Toolchains/XcodeDefault.xctoolchain/usr/lib/clang/9.1.0/lib/darwin/libclang_rt.osx.a
@(#)PROGRAM:ld  PROJECT:ld64-351.8
configured to support archs: armv6 armv7 armv7s arm64 i386 x86_64 x86_64h armv6m armv7k armv7m armv7em (tvOS)
Library search paths:
	/usr/lib
	/usr/local/lib
Framework search paths:
	/Library/Frameworks/
	/System/Library/Frameworks/


Parsed C implicit link information from above output:
  link line regex: [^( *|.*[/\])(ld|CMAKE_LINK_STARTFILE-NOTFOUND|([^/\]+-)?ld|collect2)[^/\]*( |$)]
  ignore line: [Change Dir: /Users/antonylaget/Documents/GitHub/DuckCoinCoin/src/level-1/1-dcc-c/CMakeFiles/CMakeTmp]
  ignore line: []
  ignore line: [Run Build Command:"/usr/bin/make" "cmTC_231ae/fast"]
  ignore line: [/Applications/Xcode.app/Contents/Developer/usr/bin/make -f CMakeFiles/cmTC_231ae.dir/build.make CMakeFiles/cmTC_231ae.dir/build]
  ignore line: [Building C object CMakeFiles/cmTC_231ae.dir/CMakeCCompilerABI.c.o]
  ignore line: [/Applications/Xcode.app/Contents/Developer/Toolchains/XcodeDefault.xctoolchain/usr/bin/cc    -o CMakeFiles/cmTC_231ae.dir/CMakeCCompilerABI.c.o   -c /usr/local/Cellar/cmake/3.10.3/share/cmake/Modules/CMakeCCompilerABI.c]
  ignore line: [Linking C executable cmTC_231ae]
  ignore line: [/usr/local/Cellar/cmake/3.10.3/bin/cmake -E cmake_link_script CMakeFiles/cmTC_231ae.dir/link.txt --verbose=1]
  ignore line: [/Applications/Xcode.app/Contents/Developer/Toolchains/XcodeDefault.xctoolchain/usr/bin/cc   -Wl,-search_paths_first -Wl,-headerpad_max_install_names  -v -Wl,-v CMakeFiles/cmTC_231ae.dir/CMakeCCompilerABI.c.o  -o cmTC_231ae ]
  ignore line: [Apple LLVM version 9.1.0 (clang-902.0.39.1)]
  ignore line: [Target: x86_64-apple-darwin17.4.0]
  ignore line: [Thread model: posix]
  ignore line: [InstalledDir: /Applications/Xcode.app/Contents/Developer/Toolchains/XcodeDefault.xctoolchain/usr/bin]
  link line: [ "/Applications/Xcode.app/Contents/Developer/Toolchains/XcodeDefault.xctoolchain/usr/bin/ld" -demangle -lto_library /Applications/Xcode.app/Contents/Developer/Toolchains/XcodeDefault.xctoolchain/usr/lib/libLTO.dylib -dynamic -arch x86_64 -macosx_version_min 10.13.0 -o cmTC_231ae -search_paths_first -headerpad_max_install_names -v CMakeFiles/cmTC_231ae.dir/CMakeCCompilerABI.c.o -lSystem /Applications/Xcode.app/Contents/Developer/Toolchains/XcodeDefault.xctoolchain/usr/lib/clang/9.1.0/lib/darwin/libclang_rt.osx.a]
    arg [/Applications/Xcode.app/Contents/Developer/Toolchains/XcodeDefault.xctoolchain/usr/bin/ld] ==> ignore
    arg [-demangle] ==> ignore
    arg [-lto_library] ==> ignore, skip following value
    arg [/Applications/Xcode.app/Contents/Developer/Toolchains/XcodeDefault.xctoolchain/usr/lib/libLTO.dylib] ==> skip value of -lto_library
    arg [-dynamic] ==> ignore
    arg [-arch] ==> ignore
    arg [x86_64] ==> ignore
    arg [-macosx_version_min] ==> ignore
    arg [10.13.0] ==> ignore
    arg [-o] ==> ignore
    arg [cmTC_231ae] ==> ignore
    arg [-search_paths_first] ==> ignore
    arg [-headerpad_max_install_names] ==> ignore
    arg [-v] ==> ignore
    arg [CMakeFiles/cmTC_231ae.dir/CMakeCCompilerABI.c.o] ==> ignore
    arg [-lSystem] ==> lib [System]
    arg [/Applications/Xcode.app/Contents/Developer/Toolchains/XcodeDefault.xctoolchain/usr/lib/clang/9.1.0/lib/darwin/libclang_rt.osx.a] ==> lib [/Applications/Xcode.app/Contents/Developer/Toolchains/XcodeDefault.xctoolchain/usr/lib/clang/9.1.0/lib/darwin/libclang_rt.osx.a]
  Library search paths: [;/usr/lib;/usr/local/lib]
  Framework search paths: [;/Library/Frameworks/;/System/Library/Frameworks/]
  remove lib [System]
  remove lib [/Applications/Xcode.app/Contents/Developer/Toolchains/XcodeDefault.xctoolchain/usr/lib/clang/9.1.0/lib/darwin/libclang_rt.osx.a]
  collapse library dir [/usr/lib] ==> [/usr/lib]
  collapse library dir [/usr/local/lib] ==> [/usr/local/lib]
  collapse framework dir [/Library/Frameworks/] ==> [/Library/Frameworks]
  collapse framework dir [/System/Library/Frameworks/] ==> [/System/Library/Frameworks]
  implicit libs: []
  implicit dirs: [/usr/lib;/usr/local/lib]
  implicit fwks: [/Library/Frameworks;/System/Library/Frameworks]




Detecting C [-std=c11] compiler features compiled with the following output:
Change Dir: /Users/antonylaget/Documents/GitHub/DuckCoinCoin/src/level-1/1-dcc-c/CMakeFiles/CMakeTmp

Run Build Command:"/usr/bin/make" "cmTC_ded54/fast"
/Applications/Xcode.app/Contents/Developer/usr/bin/make -f CMakeFiles/cmTC_ded54.dir/build.make CMakeFiles/cmTC_ded54.dir/build
Building C object CMakeFiles/cmTC_ded54.dir/feature_tests.c.o
/Applications/Xcode.app/Contents/Developer/Toolchains/XcodeDefault.xctoolchain/usr/bin/cc   -std=c11 -o CMakeFiles/cmTC_ded54.dir/feature_tests.c.o   -c /Users/antonylaget/Documents/GitHub/DuckCoinCoin/src/level-1/1-dcc-c/CMakeFiles/feature_tests.c
Linking C executable cmTC_ded54
/usr/local/Cellar/cmake/3.10.3/bin/cmake -E cmake_link_script CMakeFiles/cmTC_ded54.dir/link.txt --verbose=1
/Applications/Xcode.app/Contents/Developer/Toolchains/XcodeDefault.xctoolchain/usr/bin/cc   -Wl,-search_paths_first -Wl,-headerpad_max_install_names   CMakeFiles/cmTC_ded54.dir/feature_tests.c.o  -o cmTC_ded54 


    Feature record: C_FEATURE:1c_function_prototypes
    Feature record: C_FEATURE:1c_restrict
    Feature record: C_FEATURE:1c_static_assert
    Feature record: C_FEATURE:1c_variadic_macros


Detecting C [-std=c99] compiler features compiled with the following output:
Change Dir: /Users/antonylaget/Documents/GitHub/DuckCoinCoin/src/level-1/1-dcc-c/CMakeFiles/CMakeTmp

Run Build Command:"/usr/bin/make" "cmTC_db580/fast"
/Applications/Xcode.app/Contents/Developer/usr/bin/make -f CMakeFiles/cmTC_db580.dir/build.make CMakeFiles/cmTC_db580.dir/build
Building C object CMakeFiles/cmTC_db580.dir/feature_tests.c.o
/Applications/Xcode.app/Contents/Developer/Toolchains/XcodeDefault.xctoolchain/usr/bin/cc   -std=c99 -o CMakeFiles/cmTC_db580.dir/feature_tests.c.o   -c /Users/antonylaget/Documents/GitHub/DuckCoinCoin/src/level-1/1-dcc-c/CMakeFiles/feature_tests.c
Linking C executable cmTC_db580
/usr/local/Cellar/cmake/3.10.3/bin/cmake -E cmake_link_script CMakeFiles/cmTC_db580.dir/link.txt --verbose=1
/Applications/Xcode.app/Contents/Developer/Toolchains/XcodeDefault.xctoolchain/usr/bin/cc   -Wl,-search_paths_first -Wl,-headerpad_max_install_names   CMakeFiles/cmTC_db580.dir/feature_tests.c.o  -o cmTC_db580 


    Feature record: C_FEATURE:1c_function_prototypes
    Feature record: C_FEATURE:1c_restrict
    Feature record: C_FEATURE:0c_static_assert
    Feature record: C_FEATURE:1c_variadic_macros


Detecting C [-std=c90] compiler features compiled with the following output:
Change Dir: /Users/antonylaget/Documents/GitHub/DuckCoinCoin/src/level-1/1-dcc-c/CMakeFiles/CMakeTmp

Run Build Command:"/usr/bin/make" "cmTC_dbdfd/fast"
/Applications/Xcode.app/Contents/Developer/usr/bin/make -f CMakeFiles/cmTC_dbdfd.dir/build.make CMakeFiles/cmTC_dbdfd.dir/build
Building C object CMakeFiles/cmTC_dbdfd.dir/feature_tests.c.o
/Applications/Xcode.app/Contents/Developer/Toolchains/XcodeDefault.xctoolchain/usr/bin/cc   -std=c90 -o CMakeFiles/cmTC_dbdfd.dir/feature_tests.c.o   -c /Users/antonylaget/Documents/GitHub/DuckCoinCoin/src/level-1/1-dcc-c/CMakeFiles/feature_tests.c
Linking C executable cmTC_dbdfd
/usr/local/Cellar/cmake/3.10.3/bin/cmake -E cmake_link_script CMakeFiles/cmTC_dbdfd.dir/link.txt --verbose=1
/Applications/Xcode.app/Contents/Developer/Toolchains/XcodeDefault.xctoolchain/usr/bin/cc   -Wl,-search_paths_first -Wl,-headerpad_max_install_names   CMakeFiles/cmTC_dbdfd.dir/feature_tests.c.o  -o cmTC_dbdfd 


    Feature record: C_FEATURE:1c_function_prototypes
    Feature record: C_FEATURE:0c_restrict
    Feature record: C_FEATURE:0c_static_assert
    Feature record: C_FEATURE:0c_variadic_macros
